Using pre-set license
Built from '2020.2/release' branch; Version is '2020.2.4f1 (becced5a802b) revision 12504301'; Using compiler version '192528614'; Build Type 'Release'
OS: 'Windows 10 Home; OS build 19041.804; Version 2004; 64bit' Language: 'en' Physical Memory: 4001 MB
BatchMode: 1, IsHumanControllingUs: 0, StartBugReporterOnCrash: 0, Is64bit: 1, IsPro: 0

 COMMAND LINE ARGUMENTS:
C:\Program Files\Unity\Hub\Editor\2020.2.4f1\Editor\Unity.exe
-adb2
-batchMode
-noUpm
-name
AssetImportWorker2
-projectPath
C:/Users/liamc/Documents/Unity Tutorial/Tutorial
-logFile
Logs/AssetImportWorker2.log
-srvPort
52142
Successfully changed project path to: C:/Users/liamc/Documents/Unity Tutorial/Tutorial
C:/Users/liamc/Documents/Unity Tutorial/Tutorial
Using Asset Import Pipeline V2.
Refreshing native plugins compatible for Editor in 225.12 ms, found 1 plugins.
Preloading 0 native plugins for Editor in 0.00 ms.
Initialize engine version: 2020.2.4f1 (becced5a802b)
[Subsystems] Discovering subsystems at path C:/Program Files/Unity/Hub/Editor/2020.2.4f1/Editor/Data/Resources/UnitySubsystems
[Subsystems] Discovering subsystems at path C:/Users/liamc/Documents/Unity Tutorial/Tutorial/Assets
GfxDevice: creating device client; threaded=0
Direct3D:
    Version:  Direct3D 11.0 [level 11.1]
    Renderer: Intel(R) UHD Graphics 620 (ID=0x5917)
    Vendor:   
    VRAM:     2000 MB
    Driver:   26.20.100.7323
Initialize mono
Mono path[0] = 'C:/Program Files/Unity/Hub/Editor/2020.2.4f1/Editor/Data/Managed'
Mono path[1] = 'C:/Program Files/Unity/Hub/Editor/2020.2.4f1/Editor/Data/MonoBleedingEdge/lib/mono/unityjit'
Mono config path = 'C:/Program Files/Unity/Hub/Editor/2020.2.4f1/Editor/Data/MonoBleedingEdge/etc'
Using monoOptions --debugger-agent=transport=dt_socket,embedding=1,server=y,suspend=n,address=127.0.0.1:56772
Begin MonoManager ReloadAssembly
Registering precompiled unity dll's ...
Register platform support module: C:/Program Files/Unity/Hub/Editor/2020.2.4f1/Editor/Data/PlaybackEngines/WindowsStandaloneSupport/UnityEditor.WindowsStandalone.Extensions.dll
Registered in 0.009071 seconds.
Native extension for WindowsStandalone target not found
Refreshing native plugins compatible for Editor in 231.93 ms, found 1 plugins.
Preloading 0 native plugins for Editor in 0.00 ms.
Invoked RoslynAnalysisRunner static constructor.
RoslynAnalysisRunner will not be running.
RoslynAnalysisRunner has terminated.
Mono: successfully reloaded assembly
- Completed reload, in  6.880 seconds
Platform modules already initialized, skipping
Registering precompiled user dll's ...
Registered in 0.041840 seconds.
Begin MonoManager ReloadAssembly
Native extension for WindowsStandalone target not found
Refreshing native plugins compatible for Editor in 185.04 ms, found 1 plugins.
Preloading 0 native plugins for Editor in 0.00 ms.
Invoked RoslynAnalysisRunner static constructor.
RoslynAnalysisRunner will not be running.
RoslynAnalysisRunner has terminated.
Mono: successfully reloaded assembly
- Completed reload, in  4.765 seconds
Platform modules already initialized, skipping
========================================================================
Worker process is ready to serve import requests
Launched and connected shader compiler UnityShaderCompiler.exe after 0.27 seconds
Refreshing native plugins compatible for Editor in 0.78 ms, found 1 plugins.
Preloading 0 native plugins for Editor in 0.00 ms.
Unloading 1796 Unused Serialized files (Serialized files now loaded: 0)
System memory in use before: 84.6 MB.
System memory in use after: 84.6 MB.

Unloading 24 unused Assets to reduce memory usage. Loaded Objects now: 2238.
Total: 18.154300 ms (FindLiveObjects: 0.705100 ms CreateObjectMapping: 0.194400 ms MarkObjects: 16.271300 ms  DeleteObjects: 0.979000 ms)

========================================================================
Received Import Request.
  path: Assets/Scripts/Frog.cs
  artifactKey: Guid(6a190037420fe744891209c1a9570872) Importer(815301076,1909f56bfc062723c751e8b465ee728b)
Start importing Assets/Scripts/Frog.cs using Guid(6a190037420fe744891209c1a9570872) Importer(815301076,1909f56bfc062723c751e8b465ee728b)  -> (artifact id: 'c13fc8203c6aa21e48ba3c360b4a7f5c') in 0.264662 seconds
  Import took 0.278715 seconds .

========================================================================
Received Prepare
Registering precompiled user dll's ...
Registered in 0.015425 seconds.
Begin MonoManager ReloadAssembly
Native extension for WindowsStandalone target not found
Refreshing native plugins compatible for Editor in 1.17 ms, found 1 plugins.
Preloading 0 native plugins for Editor in 0.00 ms.
Invoked RoslynAnalysisRunner static constructor.
RoslynAnalysisRunner will not be running.
RoslynAnalysisRunner has terminated.
Mono: successfully reloaded assembly
- Completed reload, in 12.051 seconds
Platform modules already initialized, skipping
Refreshing native plugins compatible for Editor in 1.53 ms, found 1 plugins.
Preloading 0 native plugins for Editor in 0.00 ms.
Unloading 1791 Unused Serialized files (Serialized files now loaded: 0)
System memory in use before: 84.6 MB.
System memory in use after: 84.6 MB.

Unloading 12 unused Assets to reduce memory usage. Loaded Objects now: 2241.
Total: 7.334300 ms (FindLiveObjects: 0.333600 ms CreateObjectMapping: 0.148800 ms MarkObjects: 6.052000 ms  DeleteObjects: 0.796200 ms)

========================================================================
Received Prepare
Registering precompiled user dll's ...
Registered in 0.469279 seconds.
Begin MonoManager ReloadAssembly
Native extension for WindowsStandalone target not found
Refreshing native plugins compatible for Editor in 3.72 ms, found 1 plugins.
Preloading 0 native plugins for Editor in 0.00 ms.
Invoked RoslynAnalysisRunner static constructor.
RoslynAnalysisRunner will not be running.
RoslynAnalysisRunner has terminated.
Mono: successfully reloaded assembly
- Completed reload, in  8.785 seconds
Platform modules already initialized, skipping
Refreshing native plugins compatible for Editor in 0.85 ms, found 1 plugins.
Preloading 0 native plugins for Editor in 0.00 ms.
Unloading 1791 Unused Serialized files (Serialized files now loaded: 0)
System memory in use before: 84.7 MB.
System memory in use after: 84.6 MB.

Unloading 12 unused Assets to reduce memory usage. Loaded Objects now: 2244.
Total: 31.526700 ms (FindLiveObjects: 9.627800 ms CreateObjectMapping: 1.215500 ms MarkObjects: 19.362700 ms  DeleteObjects: 1.309900 ms)

========================================================================
Received Import Request.
  Time since last request: 4324.246027 seconds.
  path: Assets/Sunnyland/artwork/Sprites/Enemies/eagle/eagle-attack-1.png
  artifactKey: Guid(f240dfd4814d34d55a9b033f3c9d8a60) Importer(815301076,1909f56bfc062723c751e8b465ee728b)
Start importing Assets/Sunnyland/artwork/Sprites/Enemies/eagle/eagle-attack-1.png using Guid(f240dfd4814d34d55a9b033f3c9d8a60) Importer(815301076,1909f56bfc062723c751e8b465ee728b)  -> (artifact id: '9ed5b3bbb8f2127b8224abaa2968d678') in 8.001416 seconds
  Import took 9.264085 seconds .

========================================================================
Received Import Request.
  Time since last request: 0.001507 seconds.
  path: Assets/Sunnyland/artwork/Sprites/Enemies/eagle/eagle-attack-4.png
  artifactKey: Guid(63301056ddf5f4841800915f26c302d2) Importer(815301076,1909f56bfc062723c751e8b465ee728b)
Start importing Assets/Sunnyland/artwork/Sprites/Enemies/eagle/eagle-attack-4.png using Guid(63301056ddf5f4841800915f26c302d2) Importer(815301076,1909f56bfc062723c751e8b465ee728b)  -> (artifact id: '9dfb0d813cd2e1a4e15f3c5e20bbab67') in 0.297869 seconds
  Import took 0.322528 seconds .

========================================================================
Received Import Request.
  Time since last request: 0.000556 seconds.
  path: Assets/Sunnyland/artwork/Sprites/Enemies/eagle/eagle-attack-3.png
  artifactKey: Guid(36ec151523b4340ef982c2e9eb0af881) Importer(815301076,1909f56bfc062723c751e8b465ee728b)
Start importing Assets/Sunnyland/artwork/Sprites/Enemies/eagle/eagle-attack-3.png using Guid(36ec151523b4340ef982c2e9eb0af881) Importer(815301076,1909f56bfc062723c751e8b465ee728b)  -> (artifact id: '0e3809b21a4865f1ef744237525f136a') in 0.155839 seconds
  Import took 0.220138 seconds .

========================================================================
Received Import Request.
  Time since last request: 0.000593 seconds.
  path: Assets/Sunnyland/artwork/Sprites/Enemies/eagle/eagle-attack-2.png
  artifactKey: Guid(c97786e9459b34e058449b84cd9aab61) Importer(815301076,1909f56bfc062723c751e8b465ee728b)
Start importing Assets/Sunnyland/artwork/Sprites/Enemies/eagle/eagle-attack-2.png using Guid(c97786e9459b34e058449b84cd9aab61) Importer(815301076,1909f56bfc062723c751e8b465ee728b)  -> (artifact id: 'f619ccc332f33a717bdff46c3e80a927') in 0.150501 seconds
  Import took 0.186634 seconds .

========================================================================
Received Import Request.
  Time since last request: 25.972544 seconds.
  path: Assets/Sunnyland/artwork/Sprites/Enemies/opossum/opossum-1.png
  artifactKey: Guid(baa0c643131554ff99574059ec7da1cc) Importer(815301076,1909f56bfc062723c751e8b465ee728b)
Start importing Assets/Sunnyland/artwork/Sprites/Enemies/opossum/opossum-1.png using Guid(baa0c643131554ff99574059ec7da1cc) Importer(815301076,1909f56bfc062723c751e8b465ee728b)  -> (artifact id: '422b45298271ef943d43bb4a51284091') in 0.132968 seconds
  Import took 0.143183 seconds .

========================================================================
Received Import Request.
  Time since last request: 1.124652 seconds.
  path: Assets/Sunnyland/artwork/Sprites/Enemies/opossum/opossum-2.png
  artifactKey: Guid(2c5f3b2250c31495db3ffcf7e90bb619) Importer(815301076,1909f56bfc062723c751e8b465ee728b)
Start importing Assets/Sunnyland/artwork/Sprites/Enemies/opossum/opossum-2.png using Guid(2c5f3b2250c31495db3ffcf7e90bb619) Importer(815301076,1909f56bfc062723c751e8b465ee728b)  -> (artifact id: '77e8dcd88630810170132058fb0886e1') in 0.093043 seconds
  Import took 0.138764 seconds .

========================================================================
Received Import Request.
  Time since last request: 1.175859 seconds.
  path: Assets/Sunnyland/artwork/Sprites/Enemies/opossum/opossum-3.png
  artifactKey: Guid(74c5b1be9ca4343ca9d68c58dd8b7332) Importer(815301076,1909f56bfc062723c751e8b465ee728b)
Start importing Assets/Sunnyland/artwork/Sprites/Enemies/opossum/opossum-3.png using Guid(74c5b1be9ca4343ca9d68c58dd8b7332) Importer(815301076,1909f56bfc062723c751e8b465ee728b)  -> (artifact id: 'c1ff3a6f49c9cc1656b375eea72bb72b') in 0.382040 seconds
  Import took 0.458840 seconds .

========================================================================
Received Import Request.
  Time since last request: 0.825860 seconds.
  path: Assets/Sunnyland/artwork/Sprites/Enemies/opossum/opossum-4.png
  artifactKey: Guid(23510f1f0d6994dccbcdd1aa3cfe73be) Importer(815301076,1909f56bfc062723c751e8b465ee728b)
Start importing Assets/Sunnyland/artwork/Sprites/Enemies/opossum/opossum-4.png using Guid(23510f1f0d6994dccbcdd1aa3cfe73be) Importer(815301076,1909f56bfc062723c751e8b465ee728b)  -> (artifact id: 'b1eb088dd406c59eb72cd2954f34d5c2') in 0.427271 seconds
  Import took 0.469661 seconds .

========================================================================
Received Import Request.
  Time since last request: 0.379754 seconds.
  path: Assets/Sunnyland/artwork/Sprites/Enemies/opossum/opossum-5.png
  artifactKey: Guid(d3b400141540442d5a4497e34887083f) Importer(815301076,1909f56bfc062723c751e8b465ee728b)
Start importing Assets/Sunnyland/artwork/Sprites/Enemies/opossum/opossum-5.png using Guid(d3b400141540442d5a4497e34887083f) Importer(815301076,1909f56bfc062723c751e8b465ee728b)  -> (artifact id: 'b674234ad8ec3bac9c4c28b605d1dcd4') in 0.215167 seconds
  Import took 0.299337 seconds .

========================================================================
Received Import Request.
  Time since last request: 0.504247 seconds.
  path: Assets/Sunnyland/artwork/Sprites/Enemies/opossum/opossum-6.png
  artifactKey: Guid(764fc52f7266843e9b3dac17448f873f) Importer(815301076,1909f56bfc062723c751e8b465ee728b)
Start importing Assets/Sunnyland/artwork/Sprites/Enemies/opossum/opossum-6.png using Guid(764fc52f7266843e9b3dac17448f873f) Importer(815301076,1909f56bfc062723c751e8b465ee728b)  -> (artifact id: '2dad653b80d2564c2c9ead5d9d514c03') in 0.109960 seconds
  Import took 0.129566 seconds .

========================================================================
Received Import Request.
  Time since last request: 10.969235 seconds.
  path: Assets/Sunnyland/artwork/Sprites/Fx/enemy-death/enemy-death-1.png
  artifactKey: Guid(815f73f3585044a32811d21502d58770) Importer(815301076,1909f56bfc062723c751e8b465ee728b)
Start importing Assets/Sunnyland/artwork/Sprites/Fx/enemy-death/enemy-death-1.png using Guid(815f73f3585044a32811d21502d58770) Importer(815301076,1909f56bfc062723c751e8b465ee728b)  -> (artifact id: '5e9bf6dbeeb32f4ed95c89673c86e845') in 1.194660 seconds
  Import took 1.347240 seconds .

========================================================================
Received Import Request.
  Time since last request: 1.675927 seconds.
  path: Assets/Sunnyland/artwork/Sprites/Fx/enemy-death/enemy-death-2.png
  artifactKey: Guid(1c8013ef5a0c147a5a059fde439f12b6) Importer(815301076,1909f56bfc062723c751e8b465ee728b)
Start importing Assets/Sunnyland/artwork/Sprites/Fx/enemy-death/enemy-death-2.png using Guid(1c8013ef5a0c147a5a059fde439f12b6) Importer(815301076,1909f56bfc062723c751e8b465ee728b)  -> (artifact id: '0821489c0c8aba4d452ffb5a9b85b605') in 0.153748 seconds
  Import took 0.195936 seconds .

========================================================================
Received Import Request.
  Time since last request: 4.692765 seconds.
  path: Assets/Sunnyland/artwork/Sprites/Fx/enemy-death/enemy-death-3.png
  artifactKey: Guid(eec3312b68dc24bacb68c6f19907ddcd) Importer(815301076,1909f56bfc062723c751e8b465ee728b)
Start importing Assets/Sunnyland/artwork/Sprites/Fx/enemy-death/enemy-death-3.png using Guid(eec3312b68dc24bacb68c6f19907ddcd) Importer(815301076,1909f56bfc062723c751e8b465ee728b)  -> (artifact id: '25297c789a11d9dddcf46d6e3002cea7') in 0.117149 seconds
  Import took 0.181613 seconds .

========================================================================
Received Import Request.
  Time since last request: 0.780462 seconds.
  path: Assets/Sunnyland/artwork/Sprites/Fx/enemy-death/enemy-death-4.png
  artifactKey: Guid(662dde2f5e71c4d47aadb2a90334c7c8) Importer(815301076,1909f56bfc062723c751e8b465ee728b)
Start importing Assets/Sunnyland/artwork/Sprites/Fx/enemy-death/enemy-death-4.png using Guid(662dde2f5e71c4d47aadb2a90334c7c8) Importer(815301076,1909f56bfc062723c751e8b465ee728b)  -> (artifact id: 'd4aca5f8f8f3d3b215ea4f5f956fd33e') in 0.091448 seconds
  Import took 0.107531 seconds .

========================================================================
Received Import Request.
  Time since last request: 0.894964 seconds.
  path: Assets/Sunnyland/artwork/Sprites/Fx/enemy-death/enemy-death-5.png
  artifactKey: Guid(635cdc790083c4be9a6a4feb8d976afc) Importer(815301076,1909f56bfc062723c751e8b465ee728b)
Start importing Assets/Sunnyland/artwork/Sprites/Fx/enemy-death/enemy-death-5.png using Guid(635cdc790083c4be9a6a4feb8d976afc) Importer(815301076,1909f56bfc062723c751e8b465ee728b)  -> (artifact id: 'ddfd619aabcba49aec189b552911fe71') in 0.115503 seconds
  Import took 0.126228 seconds .

========================================================================
Received Import Request.
  Time since last request: 0.445640 seconds.
  path: Assets/Sunnyland/artwork/Sprites/Fx/enemy-death/enemy-death-6.png
  artifactKey: Guid(f2065fb3797f1427aa8b3fc04af35e35) Importer(815301076,1909f56bfc062723c751e8b465ee728b)
Start importing Assets/Sunnyland/artwork/Sprites/Fx/enemy-death/enemy-death-6.png using Guid(f2065fb3797f1427aa8b3fc04af35e35) Importer(815301076,1909f56bfc062723c751e8b465ee728b)  -> (artifact id: 'a075854467ae0e4fd3dee420dc8e1095') in 0.056214 seconds
  Import took 0.068602 seconds .

========================================================================
Received Import Request.
  Time since last request: 4.199271 seconds.
  path: Assets/Sunnyland/artwork/Sprites/Fx/item-feedback/item-feedback-1.png
  artifactKey: Guid(1a4497d8531b845f185bb7742441138d) Importer(815301076,1909f56bfc062723c751e8b465ee728b)
Start importing Assets/Sunnyland/artwork/Sprites/Fx/item-feedback/item-feedback-1.png using Guid(1a4497d8531b845f185bb7742441138d) Importer(815301076,1909f56bfc062723c751e8b465ee728b)  -> (artifact id: '5afc99666e64f5784699e8f64824e728') in 0.057191 seconds
  Import took 0.066278 seconds .

========================================================================
Received Import Request.
  Time since last request: 0.684548 seconds.
  path: Assets/Sunnyland/artwork/Sprites/Fx/item-feedback/item-feedback-2.png
  artifactKey: Guid(d01b0b4f13e044d0c83c424e542ddcbf) Importer(815301076,1909f56bfc062723c751e8b465ee728b)
Start importing Assets/Sunnyland/artwork/Sprites/Fx/item-feedback/item-feedback-2.png using Guid(d01b0b4f13e044d0c83c424e542ddcbf) Importer(815301076,1909f56bfc062723c751e8b465ee728b)  -> (artifact id: '07f6be64c102b259ace4c6cc2ff8de53') in 0.064949 seconds
  Import took 0.074211 seconds .

========================================================================
Received Import Request.
  Time since last request: 0.626601 seconds.
  path: Assets/Sunnyland/artwork/Sprites/Fx/item-feedback/item-feedback-3.png
  artifactKey: Guid(857b27bf305c140dab35e3de694fcfbc) Importer(815301076,1909f56bfc062723c751e8b465ee728b)
Start importing Assets/Sunnyland/artwork/Sprites/Fx/item-feedback/item-feedback-3.png using Guid(857b27bf305c140dab35e3de694fcfbc) Importer(815301076,1909f56bfc062723c751e8b465ee728b)  -> (artifact id: '407497e7a72d45688bae2c5e27436897') in 0.056771 seconds
  Import took 0.063082 seconds .

========================================================================
Received Import Request.
  Time since last request: 1.070557 seconds.
  path: Assets/Sunnyland/artwork/Sprites/Fx/item-feedback/item-feedback-4.png
  artifactKey: Guid(d1c3b6a233b524474899f14a81d5c3b5) Importer(815301076,1909f56bfc062723c751e8b465ee728b)
Start importing Assets/Sunnyland/artwork/Sprites/Fx/item-feedback/item-feedback-4.png using Guid(d1c3b6a233b524474899f14a81d5c3b5) Importer(815301076,1909f56bfc062723c751e8b465ee728b)  -> (artifact id: '5773bf5c1171368798f604ce367731b1') in 0.104641 seconds
  Import took 0.112768 seconds .

========================================================================
Received Import Request.
  Time since last request: 82.695735 seconds.
  path: Assets/Sunnyland/artwork/Sprites/Fx
  artifactKey: Guid(879348f5081814f15b74a637aff1805d) Importer(815301076,1909f56bfc062723c751e8b465ee728b)
Start importing Assets/Sunnyland/artwork/Sprites/Fx using Guid(879348f5081814f15b74a637aff1805d) Importer(815301076,1909f56bfc062723c751e8b465ee728b)  -> (artifact id: '841c0ca18c9b299c92516fc771043b65') in 0.040982 seconds
  Import took 0.150559 seconds .

========================================================================
Received Import Request.
  Time since last request: 1.086686 seconds.
  path: Assets/Sunnyland/artwork/Sprites/Fx/enemy-death
  artifactKey: Guid(8e410531b0ca844b79228da6d076824c) Importer(815301076,1909f56bfc062723c751e8b465ee728b)
Start importing Assets/Sunnyland/artwork/Sprites/Fx/enemy-death using Guid(8e410531b0ca844b79228da6d076824c) Importer(815301076,1909f56bfc062723c751e8b465ee728b)  -> (artifact id: 'd78ef7af4b562e60a0588089191d2636') in 0.015438 seconds
  Import took 0.024119 seconds .

========================================================================
Received Import Request.
  Time since last request: 15.789108 seconds.
  path: Assets/Sunnyland/artwork/Sprites/Enemies/opossum
  artifactKey: Guid(b51573a0febe34fceadd0e7c64f17c94) Importer(815301076,1909f56bfc062723c751e8b465ee728b)
Start importing Assets/Sunnyland/artwork/Sprites/Enemies/opossum using Guid(b51573a0febe34fceadd0e7c64f17c94) Importer(815301076,1909f56bfc062723c751e8b465ee728b)  -> (artifact id: '06d10d8f3bcfc432e28cb6f236eb431f') in 0.099763 seconds
  Import took 0.228795 seconds .

========================================================================
Received Import Request.
  Time since last request: 213.156929 seconds.
  path: Assets/Sunnyland/artwork/Sprites/Enemies/frog/idle
  artifactKey: Guid(a7e0d8dacdac94b808e416f4fe68d8ee) Importer(815301076,1909f56bfc062723c751e8b465ee728b)
Start importing Assets/Sunnyland/artwork/Sprites/Enemies/frog/idle using Guid(a7e0d8dacdac94b808e416f4fe68d8ee) Importer(815301076,1909f56bfc062723c751e8b465ee728b)  -> (artifact id: 'ef733965f2c06281158db8c851d5b64a') in 0.096023 seconds
  Import took 1.186937 seconds .

========================================================================
Received Import Request.
  Time since last request: 0.002292 seconds.
  path: Assets/Sunnyland/artwork/Sprites/Enemies/frog/jump
  artifactKey: Guid(a4f9d8ce2dee641fa9830749f6d85fd5) Importer(815301076,1909f56bfc062723c751e8b465ee728b)
Start importing Assets/Sunnyland/artwork/Sprites/Enemies/frog/jump using Guid(a4f9d8ce2dee641fa9830749f6d85fd5) Importer(815301076,1909f56bfc062723c751e8b465ee728b)  -> (artifact id: 'd64fdadd6a32c5e7d553db66a5040861') in 0.022388 seconds
  Import took 0.038349 seconds .

========================================================================
Received Import Request.
  Time since last request: 0.795584 seconds.
  path: Assets/Sunnyland/artwork/Sprites/Enemies/frog/idle/frog-idle-2.png
  artifactKey: Guid(116ac2caa16ad4f73af4539f8b07d019) Importer(815301076,1909f56bfc062723c751e8b465ee728b)
Start importing Assets/Sunnyland/artwork/Sprites/Enemies/frog/idle/frog-idle-2.png using Guid(116ac2caa16ad4f73af4539f8b07d019) Importer(815301076,1909f56bfc062723c751e8b465ee728b)  -> (artifact id: '7b0fab26d9c416fedef2d41183be0307') in 0.467095 seconds
  Import took 0.530430 seconds .

========================================================================
Received Import Request.
  Time since last request: 1.419351 seconds.
  path: Assets/Sunnyland/artwork/Sprites/Enemies/frog/idle/frog-idle-2.png
  artifactKey: Guid(116ac2caa16ad4f73af4539f8b07d019) Importer(815301076,1909f56bfc062723c751e8b465ee728b)
Start importing Assets/Sunnyland/artwork/Sprites/Enemies/frog/idle/frog-idle-2.png using Guid(116ac2caa16ad4f73af4539f8b07d019) Importer(815301076,1909f56bfc062723c751e8b465ee728b)  -> (artifact id: '7b0fab26d9c416fedef2d41183be0307') in 0.365125 seconds
  Import took 0.580760 seconds .

========================================================================
Received Import Request.
  Time since last request: 0.001934 seconds.
  path: Assets/Sunnyland/artwork/Sprites/Enemies/frog/idle/frog-idle-1.png
  artifactKey: Guid(86ca59b9bca0e409b9ba2784fbe69f01) Importer(815301076,1909f56bfc062723c751e8b465ee728b)
Start importing Assets/Sunnyland/artwork/Sprites/Enemies/frog/idle/frog-idle-1.png using Guid(86ca59b9bca0e409b9ba2784fbe69f01) Importer(815301076,1909f56bfc062723c751e8b465ee728b)  -> (artifact id: '66ccdf1297573c19b88e028cfc591a10') in 0.141741 seconds
  Import took 0.295919 seconds .

========================================================================
Received Import Request.
  Time since last request: 0.277478 seconds.
  path: Assets/Sunnyland/artwork/Sprites/Enemies/frog/idle/frog-idle-3.png
  artifactKey: Guid(662ace939438646e7a4067a89ec54b9e) Importer(815301076,1909f56bfc062723c751e8b465ee728b)
Start importing Assets/Sunnyland/artwork/Sprites/Enemies/frog/idle/frog-idle-3.png using Guid(662ace939438646e7a4067a89ec54b9e) Importer(815301076,1909f56bfc062723c751e8b465ee728b)  -> (artifact id: '494a97244324a4348f851f72fa67e751') in 0.604416 seconds
  Import took 0.672568 seconds .

========================================================================
Received Import Request.
  Time since last request: 2.570270 seconds.
  path: Assets/Sunnyland/artwork/Sprites/Enemies/frog/idle/frog-idle-3.png
  artifactKey: Guid(662ace939438646e7a4067a89ec54b9e) Importer(815301076,1909f56bfc062723c751e8b465ee728b)
Start importing Assets/Sunnyland/artwork/Sprites/Enemies/frog/idle/frog-idle-3.png using Guid(662ace939438646e7a4067a89ec54b9e) Importer(815301076,1909f56bfc062723c751e8b465ee728b)  -> (artifact id: '494a97244324a4348f851f72fa67e751') in 0.240066 seconds
  Import took 0.263172 seconds .

========================================================================
Received Import Request.
  Time since last request: 11.014422 seconds.
  path: Assets/Sunnyland/artwork/Sprites/Enemies/frog/idle/frog-idle-4.png
  artifactKey: Guid(b0305a6bb0adb4f66b864290967ea22b) Importer(815301076,1909f56bfc062723c751e8b465ee728b)
Start importing Assets/Sunnyland/artwork/Sprites/Enemies/frog/idle/frog-idle-4.png using Guid(b0305a6bb0adb4f66b864290967ea22b) Importer(815301076,1909f56bfc062723c751e8b465ee728b)  -> (artifact id: '044651d6acf1f433750716a322b9aa31') in 0.262138 seconds
  Import took 0.290712 seconds .

========================================================================
Received Import Request.
  Time since last request: 17.030524 seconds.
  path: Assets/Sunnyland/artwork/Sprites/Enemies/frog/idle/Idle.anim
  artifactKey: Guid(610c6e646f436554396e4e8f7903f1f9) Importer(815301076,1909f56bfc062723c751e8b465ee728b)
Start importing Assets/Sunnyland/artwork/Sprites/Enemies/frog/idle/Idle.anim using Guid(610c6e646f436554396e4e8f7903f1f9) Importer(815301076,1909f56bfc062723c751e8b465ee728b)  -> (artifact id: 'ff100393074be4375a7c1ec1e53712c7') in 0.731121 seconds
  Import took 0.762591 seconds .

========================================================================
Received Import Request.
  Time since last request: 60.866870 seconds.
  path: Assets/Sunnyland/artwork/Sprites/Enemies/frog/idle/Frog_Idle.anim
  artifactKey: Guid(610c6e646f436554396e4e8f7903f1f9) Importer(815301076,1909f56bfc062723c751e8b465ee728b)
Start importing Assets/Sunnyland/artwork/Sprites/Enemies/frog/idle/Frog_Idle.anim using Guid(610c6e646f436554396e4e8f7903f1f9) Importer(815301076,1909f56bfc062723c751e8b465ee728b)  -> (artifact id: '0d0d97dfa21f7801844eb4b388919155') in 0.102257 seconds
  Import took 0.168288 seconds .

========================================================================
Received Import Request.
  Time since last request: 341.858261 seconds.
  path: Assets/Sunnyland/artwork/Sprites/Enemies/frog/jump/frog-jump-1.png
  artifactKey: Guid(54bcabc188c6640f1a298f013d4716df) Importer(815301076,1909f56bfc062723c751e8b465ee728b)
Start importing Assets/Sunnyland/artwork/Sprites/Enemies/frog/jump/frog-jump-1.png using Guid(54bcabc188c6640f1a298f013d4716df) Importer(815301076,1909f56bfc062723c751e8b465ee728b)  -> (artifact id: '116a3ead95d45b875d6b5fbfc0af8d60') in 0.411162 seconds
  Import took 0.758585 seconds .

========================================================================
Received Import Request.
  Time since last request: 0.974169 seconds.
  path: Assets/Sunnyland/artwork/Sprites/Enemies/frog/jump/frog-jump-2.png
  artifactKey: Guid(54925aea4bcc94726afa87df59ae72f7) Importer(815301076,1909f56bfc062723c751e8b465ee728b)
Start importing Assets/Sunnyland/artwork/Sprites/Enemies/frog/jump/frog-jump-2.png using Guid(54925aea4bcc94726afa87df59ae72f7) Importer(815301076,1909f56bfc062723c751e8b465ee728b)  -> (artifact id: '36fdff7c51943bfe7a3dbef68fa2c302') in 0.042812 seconds
  Import took 0.063133 seconds .

========================================================================
Received Prepare
Registering precompiled user dll's ...
Registered in 0.061353 seconds.
Begin MonoManager ReloadAssembly
Native extension for WindowsStandalone target not found
Refreshing native plugins compatible for Editor in 3.35 ms, found 1 plugins.
Preloading 0 native plugins for Editor in 0.00 ms.
Invoked RoslynAnalysisRunner static constructor.
RoslynAnalysisRunner will not be running.
RoslynAnalysisRunner has terminated.
Mono: successfully reloaded assembly
- Completed reload, in  9.203 seconds
Platform modules already initialized, skipping
Refreshing native plugins compatible for Editor in 0.63 ms, found 1 plugins.
Preloading 0 native plugins for Editor in 0.00 ms.
Unloading 1791 Unused Serialized files (Serialized files now loaded: 0)
System memory in use before: 87.8 MB.
System memory in use after: 87.8 MB.

Unloading 12 unused Assets to reduce memory usage. Loaded Objects now: 2259.
Total: 16.682500 ms (FindLiveObjects: 3.036700 ms CreateObjectMapping: 0.321200 ms MarkObjects: 12.078300 ms  DeleteObjects: 1.242700 ms)

========================================================================
Received Prepare
Registering precompiled user dll's ...
Registered in 0.009659 seconds.
Begin MonoManager ReloadAssembly
Native extension for WindowsStandalone target not found
Refreshing native plugins compatible for Editor in 5.82 ms, found 1 plugins.
Preloading 0 native plugins for Editor in 0.00 ms.
Invoked RoslynAnalysisRunner static constructor.
RoslynAnalysisRunner will not be running.
RoslynAnalysisRunner has terminated.
Mono: successfully reloaded assembly
- Completed reload, in 22.590 seconds
Platform modules already initialized, skipping
Refreshing native plugins compatible for Editor in 1.31 ms, found 1 plugins.
Preloading 0 native plugins for Editor in 0.00 ms.
Unloading 1791 Unused Serialized files (Serialized files now loaded: 0)
System memory in use before: 87.8 MB.
System memory in use after: 87.8 MB.

Unloading 12 unused Assets to reduce memory usage. Loaded Objects now: 2262.
Total: 26.753900 ms (FindLiveObjects: 8.765000 ms CreateObjectMapping: 1.352200 ms MarkObjects: 15.557000 ms  DeleteObjects: 1.075000 ms)

========================================================================
Received Prepare
Registering precompiled user dll's ...
Registered in 0.122357 seconds.
Begin MonoManager ReloadAssembly
Native extension for WindowsStandalone target not found
Refreshing native plugins compatible for Editor in 1.60 ms, found 1 plugins.
Preloading 0 native plugins for Editor in 0.00 ms.
Invoked RoslynAnalysisRunner static constructor.
RoslynAnalysisRunner will not be running.
RoslynAnalysisRunner has terminated.
Mono: successfully reloaded assembly
- Completed reload, in  3.380 seconds
Platform modules already initialized, skipping
Refreshing native plugins compatible for Editor in 3.39 ms, found 1 plugins.
Preloading 0 native plugins for Editor in 0.00 ms.
Unloading 1791 Unused Serialized files (Serialized files now loaded: 0)
System memory in use before: 87.8 MB.
System memory in use after: 87.8 MB.

Unloading 12 unused Assets to reduce memory usage. Loaded Objects now: 2265.
Total: 26.830300 ms (FindLiveObjects: 2.056700 ms CreateObjectMapping: 0.223200 ms MarkObjects: 19.686600 ms  DeleteObjects: 4.860000 ms)

========================================================================
Received Import Request.
  Time since last request: 3937.755428 seconds.
  path: Assets/Sunnyland/artwork/Sprites/Enemies/frog/jump/Frog_Jump.anim
  artifactKey: Guid(b573e6b13e08bf14e8266ef971f87149) Importer(815301076,1909f56bfc062723c751e8b465ee728b)
Start importing Assets/Sunnyland/artwork/Sprites/Enemies/frog/jump/Frog_Jump.anim using Guid(b573e6b13e08bf14e8266ef971f87149) Importer(815301076,1909f56bfc062723c751e8b465ee728b)  -> (artifact id: '94c8b3a283ed73798252d8f6f783a244') in 3.715851 seconds
  Import took 4.664396 seconds .

========================================================================
Received Import Request.
  Time since last request: 470.923394 seconds.
  path: Assets/Sunnyland/artwork/Sprites/Enemies/frog/idle/Frog_Idle.anim
  artifactKey: Guid(610c6e646f436554396e4e8f7903f1f9) Importer(815301076,1909f56bfc062723c751e8b465ee728b)
Start importing Assets/Sunnyland/artwork/Sprites/Enemies/frog/idle/Frog_Idle.anim using Guid(610c6e646f436554396e4e8f7903f1f9) Importer(815301076,1909f56bfc062723c751e8b465ee728b)  -> (artifact id: 'c781f6f37d1caafa9a780e69d3fe7eb6') in 0.209353 seconds
  Import took 0.769800 seconds .

========================================================================
Received Import Request.
  Time since last request: 178.838884 seconds.
  path: Assets/Sunnyland/artwork/Sprites/Enemies/frog/jump/frog-jump-1.png
  artifactKey: Guid(54bcabc188c6640f1a298f013d4716df) Importer(815301076,1909f56bfc062723c751e8b465ee728b)
Start importing Assets/Sunnyland/artwork/Sprites/Enemies/frog/jump/frog-jump-1.png using Guid(54bcabc188c6640f1a298f013d4716df) Importer(815301076,1909f56bfc062723c751e8b465ee728b)  -> (artifact id: '2b41b26bed60d8ae3badef967d6226ea') in 1.379894 seconds
  Import took 1.433612 seconds .

========================================================================
Received Import Request.
  Time since last request: 10.012160 seconds.
  path: Assets/Sunnyland/artwork/Sprites/Enemies/frog/jump/frog-jump-2.png
  artifactKey: Guid(54925aea4bcc94726afa87df59ae72f7) Importer(815301076,1909f56bfc062723c751e8b465ee728b)
Start importing Assets/Sunnyland/artwork/Sprites/Enemies/frog/jump/frog-jump-2.png using Guid(54925aea4bcc94726afa87df59ae72f7) Importer(815301076,1909f56bfc062723c751e8b465ee728b)  -> (artifact id: '62f22bb4d1939596c53f688927ff26e9') in 0.080552 seconds
  Import took 0.091904 seconds .

========================================================================
Received Import Request.
  Time since last request: 5.765585 seconds.
  path: Assets/Sunnyland/artwork/Sprites/Enemies/frog/jump/Frog_Jump.anim
  artifactKey: Guid(b573e6b13e08bf14e8266ef971f87149) Importer(815301076,1909f56bfc062723c751e8b465ee728b)
Start importing Assets/Sunnyland/artwork/Sprites/Enemies/frog/jump/Frog_Jump.anim using Guid(b573e6b13e08bf14e8266ef971f87149) Importer(815301076,1909f56bfc062723c751e8b465ee728b)  -> (artifact id: 'feba133e88b944e000a9488337ca2461') in 0.022911 seconds
  Import took 0.042507 seconds .

AssetImportWorkerClient::OnTransportError - code=2 error=End of file
