Using pre-set license
Built from '2020.2/release' branch; Version is '2020.2.4f1 (becced5a802b) revision 12504301'; Using compiler version '192528614'; Build Type 'Release'
OS: 'Windows 10 Home; OS build 19041.867; Version 2004; 64bit' Language: 'en' Physical Memory: 4001 MB
BatchMode: 1, IsHumanControllingUs: 0, StartBugReporterOnCrash: 0, Is64bit: 1, IsPro: 0

 COMMAND LINE ARGUMENTS:
C:\Program Files\Unity\Hub\Editor\2020.2.4f1\Editor\Unity.exe
-adb2
-batchMode
-noUpm
-name
AssetImportWorker0
-projectPath
C:/Users/liamc/Documents/Tutorial Another Version
-logFile
Logs/AssetImportWorker0.log
-srvPort
55532
Successfully changed project path to: C:/Users/liamc/Documents/Tutorial Another Version
C:/Users/liamc/Documents/Tutorial Another Version
Using Asset Import Pipeline V2.
Refreshing native plugins compatible for Editor in 94.59 ms, found 1 plugins.
Preloading 0 native plugins for Editor in 0.00 ms.
Initialize engine version: 2020.2.4f1 (becced5a802b)
[Subsystems] Discovering subsystems at path C:/Program Files/Unity/Hub/Editor/2020.2.4f1/Editor/Data/Resources/UnitySubsystems
[Subsystems] Discovering subsystems at path C:/Users/liamc/Documents/Tutorial Another Version/Assets
GfxDevice: creating device client; threaded=0
Direct3D:
    Version:  Direct3D 11.0 [level 11.1]
    Renderer: Intel(R) UHD Graphics 620 (ID=0x5917)
    Vendor:   
    VRAM:     2000 MB
    Driver:   26.20.100.7323
Initialize mono
Mono path[0] = 'C:/Program Files/Unity/Hub/Editor/2020.2.4f1/Editor/Data/Managed'
Mono path[1] = 'C:/Program Files/Unity/Hub/Editor/2020.2.4f1/Editor/Data/MonoBleedingEdge/lib/mono/unityjit'
Mono config path = 'C:/Program Files/Unity/Hub/Editor/2020.2.4f1/Editor/Data/MonoBleedingEdge/etc'
Using monoOptions --debugger-agent=transport=dt_socket,embedding=1,server=y,suspend=n,address=127.0.0.1:56892
Begin MonoManager ReloadAssembly
Registering precompiled unity dll's ...
Register platform support module: C:/Program Files/Unity/Hub/Editor/2020.2.4f1/Editor/Data/PlaybackEngines/WindowsStandaloneSupport/UnityEditor.WindowsStandalone.Extensions.dll
Registered in 0.009035 seconds.
Native extension for WindowsStandalone target not found
Refreshing native plugins compatible for Editor in 282.90 ms, found 1 plugins.
Preloading 0 native plugins for Editor in 0.00 ms.
Invoked RoslynAnalysisRunner static constructor.
RoslynAnalysisRunner will not be running.
RoslynAnalysisRunner has terminated.
Mono: successfully reloaded assembly
- Completed reload, in  4.156 seconds
Platform modules already initialized, skipping
Registering precompiled user dll's ...
Registered in 0.008784 seconds.
Begin MonoManager ReloadAssembly
Native extension for WindowsStandalone target not found
Refreshing native plugins compatible for Editor in 79.28 ms, found 1 plugins.
Preloading 0 native plugins for Editor in 0.00 ms.
Invoked RoslynAnalysisRunner static constructor.
RoslynAnalysisRunner will not be running.
RoslynAnalysisRunner has terminated.
Mono: successfully reloaded assembly
- Completed reload, in  1.353 seconds
Platform modules already initialized, skipping
========================================================================
Worker process is ready to serve import requests
Launched and connected shader compiler UnityShaderCompiler.exe after 0.12 seconds
Refreshing native plugins compatible for Editor in 0.73 ms, found 1 plugins.
Preloading 0 native plugins for Editor in 0.00 ms.
Unloading 2003 Unused Serialized files (Serialized files now loaded: 0)
System memory in use before: 95.3 MB.
System memory in use after: 95.2 MB.

Unloading 25 unused Assets to reduce memory usage. Loaded Objects now: 2446.
Total: 3.321400 ms (FindLiveObjects: 0.410000 ms CreateObjectMapping: 0.168500 ms MarkObjects: 2.536500 ms  DeleteObjects: 0.204700 ms)

========================================================================
Received Import Request.
  path: Assets/Scenes/Level1.unity
  artifactKey: Guid(e9c94b82a621ffe4f862c9f4b408e764) Importer(815301076,1909f56bfc062723c751e8b465ee728b)
Start importing Assets/Scenes/Level1.unity using Guid(e9c94b82a621ffe4f862c9f4b408e764) Importer(815301076,1909f56bfc062723c751e8b465ee728b)  -> (artifact id: 'e144d60eb9e662ca530c781496e16bd3') in 0.035237 seconds
  Import took 0.043464 seconds .

========================================================================
Received Prepare
Registering precompiled user dll's ...
Registered in 0.009870 seconds.
Begin MonoManager ReloadAssembly
Native extension for WindowsStandalone target not found
Refreshing native plugins compatible for Editor in 0.95 ms, found 1 plugins.
Preloading 0 native plugins for Editor in 0.00 ms.
Invoked RoslynAnalysisRunner static constructor.
RoslynAnalysisRunner will not be running.
RoslynAnalysisRunner has terminated.
Mono: successfully reloaded assembly
- Completed reload, in  2.352 seconds
Platform modules already initialized, skipping
Refreshing native plugins compatible for Editor in 1.15 ms, found 1 plugins.
Preloading 0 native plugins for Editor in 0.00 ms.
Unloading 1983 Unused Serialized files (Serialized files now loaded: 0)
System memory in use before: 94.1 MB.
System memory in use after: 94.1 MB.

Unloading 13 unused Assets to reduce memory usage. Loaded Objects now: 2449.
Total: 10.070000 ms (FindLiveObjects: 1.160200 ms CreateObjectMapping: 0.294200 ms MarkObjects: 8.332900 ms  DeleteObjects: 0.279600 ms)

========================================================================
Received Prepare
Registering precompiled user dll's ...
Registered in 0.001769 seconds.
Begin MonoManager ReloadAssembly
Native extension for WindowsStandalone target not found
Refreshing native plugins compatible for Editor in 1.19 ms, found 1 plugins.
Preloading 0 native plugins for Editor in 0.00 ms.
Invoked RoslynAnalysisRunner static constructor.
RoslynAnalysisRunner will not be running.
RoslynAnalysisRunner has terminated.
Mono: successfully reloaded assembly
- Completed reload, in  1.577 seconds
Platform modules already initialized, skipping
Refreshing native plugins compatible for Editor in 1.24 ms, found 1 plugins.
Preloading 0 native plugins for Editor in 0.00 ms.
Unloading 1983 Unused Serialized files (Serialized files now loaded: 0)
System memory in use before: 94.1 MB.
System memory in use after: 94.1 MB.

Unloading 13 unused Assets to reduce memory usage. Loaded Objects now: 2452.
Total: 4.458300 ms (FindLiveObjects: 0.678200 ms CreateObjectMapping: 0.196600 ms MarkObjects: 3.324500 ms  DeleteObjects: 0.256600 ms)

========================================================================
Received Prepare
Registering precompiled user dll's ...
Registered in 0.001961 seconds.
Begin MonoManager ReloadAssembly
Native extension for WindowsStandalone target not found
Refreshing native plugins compatible for Editor in 1.11 ms, found 1 plugins.
Preloading 0 native plugins for Editor in 0.00 ms.
Invoked RoslynAnalysisRunner static constructor.
RoslynAnalysisRunner will not be running.
RoslynAnalysisRunner has terminated.
Mono: successfully reloaded assembly
- Completed reload, in  1.385 seconds
Platform modules already initialized, skipping
Refreshing native plugins compatible for Editor in 1.86 ms, found 1 plugins.
Preloading 0 native plugins for Editor in 0.00 ms.
Unloading 1983 Unused Serialized files (Serialized files now loaded: 0)
System memory in use before: 94.2 MB.
System memory in use after: 94.2 MB.

Unloading 13 unused Assets to reduce memory usage. Loaded Objects now: 2455.
Total: 5.745700 ms (FindLiveObjects: 1.278700 ms CreateObjectMapping: 0.372100 ms MarkObjects: 3.792500 ms  DeleteObjects: 0.299300 ms)

========================================================================
Received Prepare
Registering precompiled user dll's ...
Registered in 0.002061 seconds.
Begin MonoManager ReloadAssembly
Native extension for WindowsStandalone target not found
Refreshing native plugins compatible for Editor in 1.63 ms, found 1 plugins.
Preloading 0 native plugins for Editor in 0.00 ms.
Invoked RoslynAnalysisRunner static constructor.
RoslynAnalysisRunner will not be running.
RoslynAnalysisRunner has terminated.
Mono: successfully reloaded assembly
- Completed reload, in  1.240 seconds
Platform modules already initialized, skipping
Refreshing native plugins compatible for Editor in 1.39 ms, found 1 plugins.
Preloading 0 native plugins for Editor in 0.00 ms.
Unloading 1983 Unused Serialized files (Serialized files now loaded: 0)
System memory in use before: 94.2 MB.
System memory in use after: 94.2 MB.

Unloading 13 unused Assets to reduce memory usage. Loaded Objects now: 2458.
Total: 2.681300 ms (FindLiveObjects: 0.293500 ms CreateObjectMapping: 0.118500 ms MarkObjects: 2.135100 ms  DeleteObjects: 0.132700 ms)

========================================================================
Received Prepare
Registering precompiled user dll's ...
Registered in 0.002540 seconds.
Begin MonoManager ReloadAssembly
Native extension for WindowsStandalone target not found
Refreshing native plugins compatible for Editor in 0.84 ms, found 1 plugins.
Preloading 0 native plugins for Editor in 0.00 ms.
Invoked RoslynAnalysisRunner static constructor.
RoslynAnalysisRunner will not be running.
RoslynAnalysisRunner has terminated.
Mono: successfully reloaded assembly
- Completed reload, in  1.215 seconds
Platform modules already initialized, skipping
Refreshing native plugins compatible for Editor in 1.29 ms, found 1 plugins.
Preloading 0 native plugins for Editor in 0.00 ms.
Unloading 1983 Unused Serialized files (Serialized files now loaded: 0)
System memory in use before: 94.2 MB.
System memory in use after: 94.2 MB.

Unloading 13 unused Assets to reduce memory usage. Loaded Objects now: 2461.
Total: 3.663200 ms (FindLiveObjects: 0.444900 ms CreateObjectMapping: 0.213600 ms MarkObjects: 2.811400 ms  DeleteObjects: 0.191500 ms)

========================================================================
Received Prepare
Registering precompiled user dll's ...
Registered in 0.001837 seconds.
Begin MonoManager ReloadAssembly
Native extension for WindowsStandalone target not found
Refreshing native plugins compatible for Editor in 0.82 ms, found 1 plugins.
Preloading 0 native plugins for Editor in 0.00 ms.
Invoked RoslynAnalysisRunner static constructor.
RoslynAnalysisRunner will not be running.
RoslynAnalysisRunner has terminated.
Mono: successfully reloaded assembly
- Completed reload, in  1.212 seconds
Platform modules already initialized, skipping
Refreshing native plugins compatible for Editor in 1.10 ms, found 1 plugins.
Preloading 0 native plugins for Editor in 0.00 ms.
Unloading 1983 Unused Serialized files (Serialized files now loaded: 0)
System memory in use before: 94.2 MB.
System memory in use after: 94.2 MB.

Unloading 13 unused Assets to reduce memory usage. Loaded Objects now: 2464.
Total: 2.672500 ms (FindLiveObjects: 0.351700 ms CreateObjectMapping: 0.133900 ms MarkObjects: 2.015700 ms  DeleteObjects: 0.168800 ms)

========================================================================
Received Prepare
Registering precompiled user dll's ...
Registered in 0.002008 seconds.
Begin MonoManager ReloadAssembly
Native extension for WindowsStandalone target not found
Refreshing native plugins compatible for Editor in 0.90 ms, found 1 plugins.
Preloading 0 native plugins for Editor in 0.00 ms.
Invoked RoslynAnalysisRunner static constructor.
RoslynAnalysisRunner will not be running.
RoslynAnalysisRunner has terminated.
Mono: successfully reloaded assembly
- Completed reload, in  1.221 seconds
Platform modules already initialized, skipping
Refreshing native plugins compatible for Editor in 0.83 ms, found 1 plugins.
Preloading 0 native plugins for Editor in 0.00 ms.
Unloading 1983 Unused Serialized files (Serialized files now loaded: 0)
System memory in use before: 94.2 MB.
System memory in use after: 94.2 MB.

Unloading 13 unused Assets to reduce memory usage. Loaded Objects now: 2467.
Total: 4.490200 ms (FindLiveObjects: 0.498900 ms CreateObjectMapping: 0.199500 ms MarkObjects: 3.634900 ms  DeleteObjects: 0.154900 ms)

========================================================================
Received Prepare
Registering precompiled user dll's ...
Registered in 0.002438 seconds.
Begin MonoManager ReloadAssembly
Native extension for WindowsStandalone target not found
Refreshing native plugins compatible for Editor in 1.32 ms, found 1 plugins.
Preloading 0 native plugins for Editor in 0.00 ms.
Invoked RoslynAnalysisRunner static constructor.
RoslynAnalysisRunner will not be running.
RoslynAnalysisRunner has terminated.
Mono: successfully reloaded assembly
- Completed reload, in  1.582 seconds
Platform modules already initialized, skipping
Refreshing native plugins compatible for Editor in 1.01 ms, found 1 plugins.
Preloading 0 native plugins for Editor in 0.00 ms.
Unloading 1983 Unused Serialized files (Serialized files now loaded: 0)
System memory in use before: 94.2 MB.
System memory in use after: 94.2 MB.

Unloading 13 unused Assets to reduce memory usage. Loaded Objects now: 2470.
Total: 4.117500 ms (FindLiveObjects: 0.255800 ms CreateObjectMapping: 0.114600 ms MarkObjects: 2.593900 ms  DeleteObjects: 1.150300 ms)

========================================================================
Received Prepare
Registering precompiled user dll's ...
Registered in 0.004766 seconds.
Begin MonoManager ReloadAssembly
Native extension for WindowsStandalone target not found
Refreshing native plugins compatible for Editor in 2.30 ms, found 1 plugins.
Preloading 0 native plugins for Editor in 0.00 ms.
Invoked RoslynAnalysisRunner static constructor.
RoslynAnalysisRunner will not be running.
RoslynAnalysisRunner has terminated.
Mono: successfully reloaded assembly
- Completed reload, in  2.291 seconds
Platform modules already initialized, skipping
Refreshing native plugins compatible for Editor in 1.33 ms, found 1 plugins.
Preloading 0 native plugins for Editor in 0.00 ms.
Unloading 1983 Unused Serialized files (Serialized files now loaded: 0)
System memory in use before: 94.2 MB.
System memory in use after: 94.2 MB.

Unloading 13 unused Assets to reduce memory usage. Loaded Objects now: 2473.
Total: 6.773300 ms (FindLiveObjects: 1.059400 ms CreateObjectMapping: 0.540100 ms MarkObjects: 4.758300 ms  DeleteObjects: 0.412700 ms)

========================================================================
Received Prepare
Registering precompiled user dll's ...
Registered in 0.002319 seconds.
Begin MonoManager ReloadAssembly
Native extension for WindowsStandalone target not found
Refreshing native plugins compatible for Editor in 1.27 ms, found 1 plugins.
Preloading 0 native plugins for Editor in 0.00 ms.
Invoked RoslynAnalysisRunner static constructor.
RoslynAnalysisRunner will not be running.
RoslynAnalysisRunner has terminated.
Mono: successfully reloaded assembly
- Completed reload, in  1.680 seconds
Platform modules already initialized, skipping
Refreshing native plugins compatible for Editor in 1.21 ms, found 1 plugins.
Preloading 0 native plugins for Editor in 0.00 ms.
Unloading 1983 Unused Serialized files (Serialized files now loaded: 0)
System memory in use before: 94.2 MB.
System memory in use after: 94.2 MB.

Unloading 13 unused Assets to reduce memory usage. Loaded Objects now: 2476.
Total: 4.689200 ms (FindLiveObjects: 0.905300 ms CreateObjectMapping: 0.307200 ms MarkObjects: 3.273300 ms  DeleteObjects: 0.201500 ms)

========================================================================
Received Prepare
Registering precompiled user dll's ...
Registered in 0.001918 seconds.
Begin MonoManager ReloadAssembly
Native extension for WindowsStandalone target not found
Refreshing native plugins compatible for Editor in 1.24 ms, found 1 plugins.
Preloading 0 native plugins for Editor in 0.00 ms.
Invoked RoslynAnalysisRunner static constructor.
RoslynAnalysisRunner will not be running.
RoslynAnalysisRunner has terminated.
Mono: successfully reloaded assembly
- Completed reload, in  1.183 seconds
Platform modules already initialized, skipping
Refreshing native plugins compatible for Editor in 1.89 ms, found 1 plugins.
Preloading 0 native plugins for Editor in 0.00 ms.
Unloading 1983 Unused Serialized files (Serialized files now loaded: 0)
System memory in use before: 94.3 MB.
System memory in use after: 94.2 MB.

Unloading 13 unused Assets to reduce memory usage. Loaded Objects now: 2479.
Total: 4.622800 ms (FindLiveObjects: 0.764800 ms CreateObjectMapping: 0.317000 ms MarkObjects: 3.212600 ms  DeleteObjects: 0.326000 ms)

========================================================================
Received Prepare
Registering precompiled user dll's ...
Registered in 0.001923 seconds.
Begin MonoManager ReloadAssembly
Native extension for WindowsStandalone target not found
Refreshing native plugins compatible for Editor in 1.25 ms, found 1 plugins.
Preloading 0 native plugins for Editor in 0.00 ms.
Invoked RoslynAnalysisRunner static constructor.
RoslynAnalysisRunner will not be running.
RoslynAnalysisRunner has terminated.
Mono: successfully reloaded assembly
- Completed reload, in  1.501 seconds
Platform modules already initialized, skipping
Refreshing native plugins compatible for Editor in 1.10 ms, found 1 plugins.
Preloading 0 native plugins for Editor in 0.00 ms.
Unloading 1983 Unused Serialized files (Serialized files now loaded: 0)
System memory in use before: 94.3 MB.
System memory in use after: 94.3 MB.

Unloading 13 unused Assets to reduce memory usage. Loaded Objects now: 2482.
Total: 4.560100 ms (FindLiveObjects: 0.574900 ms CreateObjectMapping: 0.225700 ms MarkObjects: 3.558400 ms  DeleteObjects: 0.197600 ms)

========================================================================
Received Import Request.
  Time since last request: 3631.876188 seconds.
  path: Assets/Scripts/PlayerController.cs
  artifactKey: Guid(e4c95384dd7a2ef4f99df03cb0de1a2e) Importer(815301076,1909f56bfc062723c751e8b465ee728b)
Start importing Assets/Scripts/PlayerController.cs using Guid(e4c95384dd7a2ef4f99df03cb0de1a2e) Importer(815301076,1909f56bfc062723c751e8b465ee728b)  -> (artifact id: 'fbfd9e5df739264719b646fdb913197d') in 0.115407 seconds
  Import took 0.122924 seconds .

========================================================================
Received Prepare
Registering precompiled user dll's ...
Registered in 0.001947 seconds.
Begin MonoManager ReloadAssembly
Native extension for WindowsStandalone target not found
Refreshing native plugins compatible for Editor in 0.90 ms, found 1 plugins.
Preloading 0 native plugins for Editor in 0.00 ms.
Invoked RoslynAnalysisRunner static constructor.
RoslynAnalysisRunner will not be running.
RoslynAnalysisRunner has terminated.
Mono: successfully reloaded assembly
- Completed reload, in  1.397 seconds
Platform modules already initialized, skipping
Refreshing native plugins compatible for Editor in 1.09 ms, found 1 plugins.
Preloading 0 native plugins for Editor in 0.00 ms.
Unloading 1983 Unused Serialized files (Serialized files now loaded: 0)
System memory in use before: 94.3 MB.
System memory in use after: 94.3 MB.

Unloading 13 unused Assets to reduce memory usage. Loaded Objects now: 2485.
Total: 4.746800 ms (FindLiveObjects: 0.554100 ms CreateObjectMapping: 0.325200 ms MarkObjects: 3.465600 ms  DeleteObjects: 0.400100 ms)

========================================================================
Received Import Request.
  Time since last request: 946.315487 seconds.
  path: Assets/BayatGames/Free Platform Game Assets/Water Animation/2D view ( Update 1.9 )/128x128/13-1x.png
  artifactKey: Guid(9ea98cc38166f1841bd685d98a80eaf0) Importer(815301076,1909f56bfc062723c751e8b465ee728b)
Start importing Assets/BayatGames/Free Platform Game Assets/Water Animation/2D view ( Update 1.9 )/128x128/13-1x.png using Guid(9ea98cc38166f1841bd685d98a80eaf0) Importer(815301076,1909f56bfc062723c751e8b465ee728b)  -> (artifact id: '7d3314623004df3bb1aef06a31663123') in 0.752001 seconds
  Import took 0.943276 seconds .

========================================================================
Received Import Request.
  Time since last request: 0.001509 seconds.
  path: Assets/Free Game Items/300dpi/ammo.png
  artifactKey: Guid(9867e2715a85c6345a93f98353a7799d) Importer(815301076,1909f56bfc062723c751e8b465ee728b)
Start importing Assets/Free Game Items/300dpi/ammo.png using Guid(9867e2715a85c6345a93f98353a7799d) Importer(815301076,1909f56bfc062723c751e8b465ee728b)  -> (artifact id: '539ed68b4f652001c34c583b717bf6a6') in 0.065660 seconds
  Import took 0.075254 seconds .

========================================================================
Received Import Request.
  Time since last request: 0.002442 seconds.
  path: Assets/TextMesh Pro/Examples & Extras/Resources/Fonts & Materials/Anton SDF.asset
  artifactKey: Guid(8a89fa14b10d46a99122fd4f73fca9a2) Importer(815301076,1909f56bfc062723c751e8b465ee728b)
Start importing Assets/TextMesh Pro/Examples & Extras/Resources/Fonts & Materials/Anton SDF.asset using Guid(8a89fa14b10d46a99122fd4f73fca9a2) Importer(815301076,1909f56bfc062723c751e8b465ee728b)  -> (artifact id: '1b284f17e78318eab070fb8f91c5b6f7') in 0.435041 seconds
  Import took 0.444123 seconds .

========================================================================
Received Import Request.
  Time since last request: 0.000411 seconds.
  path: Assets/BayatGames/Free Platform Game Assets/Chests/Chest/png/Sliced/Sliced 2/2x/bodyWithoutInnerPiece-4-2x.png
  artifactKey: Guid(2184c3be090d0d840a34dc1a4408013f) Importer(815301076,1909f56bfc062723c751e8b465ee728b)
Start importing Assets/BayatGames/Free Platform Game Assets/Chests/Chest/png/Sliced/Sliced 2/2x/bodyWithoutInnerPiece-4-2x.png using Guid(2184c3be090d0d840a34dc1a4408013f) Importer(815301076,1909f56bfc062723c751e8b465ee728b)  -> (artifact id: '14ab30e06775ad9771c6778f3ac09ec0') in 0.061533 seconds
  Import took 0.071283 seconds .

========================================================================
Received Import Request.
  Time since last request: 0.000433 seconds.
  path: Assets/BayatGames/Free Platform Game Assets/Chests/New Chests ( Update 1.8.5 )/png/Sliced/Model-1/1x/body-1x.png
  artifactKey: Guid(9aaebe2146b6147429f3f8f9450f4145) Importer(815301076,1909f56bfc062723c751e8b465ee728b)
Start importing Assets/BayatGames/Free Platform Game Assets/Chests/New Chests ( Update 1.8.5 )/png/Sliced/Model-1/1x/body-1x.png using Guid(9aaebe2146b6147429f3f8f9450f4145) Importer(815301076,1909f56bfc062723c751e8b465ee728b)  -> (artifact id: '30117931c40048e4c2266992615b92a6') in 0.056619 seconds
  Import took 0.065798 seconds .

========================================================================
Received Import Request.
  Time since last request: 0.001091 seconds.
  path: Assets/BayatGames/Free Platform Game Assets/Chests/Chest/png/Sliced/Sliced 1/4x/body-6-4x.png
  artifactKey: Guid(c85525f00896fd6428c8a2c4e2a87d96) Importer(815301076,1909f56bfc062723c751e8b465ee728b)
Start importing Assets/BayatGames/Free Platform Game Assets/Chests/Chest/png/Sliced/Sliced 1/4x/body-6-4x.png using Guid(c85525f00896fd6428c8a2c4e2a87d96) Importer(815301076,1909f56bfc062723c751e8b465ee728b)  -> (artifact id: 'c6d2420bb5c256eccb47041ecba0d487') in 0.049329 seconds
  Import took 0.057794 seconds .

========================================================================
Received Import Request.
  Time since last request: 0.000840 seconds.
  path: Assets/BayatGames/Free Platform Game Assets/Chests/New Chests ( Update 1.8.5 )/png/Sliced/Model-1/2x/body-2x.png
  artifactKey: Guid(7f1874d09fb0bd7479b8cb30e3f7059f) Importer(815301076,1909f56bfc062723c751e8b465ee728b)
Start importing Assets/BayatGames/Free Platform Game Assets/Chests/New Chests ( Update 1.8.5 )/png/Sliced/Model-1/2x/body-2x.png using Guid(7f1874d09fb0bd7479b8cb30e3f7059f) Importer(815301076,1909f56bfc062723c751e8b465ee728b)  -> (artifact id: 'fb3388d14671c4360ac066afef57b9a7') in 0.062940 seconds
  Import took 0.074873 seconds .

========================================================================
Received Import Request.
  Time since last request: 0.000955 seconds.
  path: Assets/TextMesh Pro/Examples & Extras/Textures/Brushed Metal 3.jpg
  artifactKey: Guid(f88677df267a41d6be1e7a6133e7d227) Importer(815301076,1909f56bfc062723c751e8b465ee728b)
Start importing Assets/TextMesh Pro/Examples & Extras/Textures/Brushed Metal 3.jpg using Guid(f88677df267a41d6be1e7a6133e7d227) Importer(815301076,1909f56bfc062723c751e8b465ee728b)  -> (artifact id: '2f5fef3ed881515079a17907c5393326') in 0.058589 seconds
  Import took 0.067222 seconds .

========================================================================
Received Import Request.
  Time since last request: 0.000315 seconds.
  path: Assets/sunnyland woods/Sprites/enemies/ant/ant-8.png
  artifactKey: Guid(3e96c4148ed594d7d9bcacaeff9fde4f) Importer(815301076,1909f56bfc062723c751e8b465ee728b)
Start importing Assets/sunnyland woods/Sprites/enemies/ant/ant-8.png using Guid(3e96c4148ed594d7d9bcacaeff9fde4f) Importer(815301076,1909f56bfc062723c751e8b465ee728b)  -> (artifact id: '8f4dff03b407630b9fcdda921bbf3f0a') in 0.051468 seconds
  Import took 0.062691 seconds .

========================================================================
Received Import Request.
  Time since last request: 0.000576 seconds.
  path: Assets/sunnyland woods/Sprites/enemies/ant/ant-7.png
  artifactKey: Guid(0474371668fe34fd7979887b58d66a28) Importer(815301076,1909f56bfc062723c751e8b465ee728b)
Start importing Assets/sunnyland woods/Sprites/enemies/ant/ant-7.png using Guid(0474371668fe34fd7979887b58d66a28) Importer(815301076,1909f56bfc062723c751e8b465ee728b)  -> (artifact id: 'dff0843acb0407ca601dad0efc2209ce') in 0.040584 seconds
  Import took 0.051860 seconds .

========================================================================
Received Import Request.
  Time since last request: 0.000423 seconds.
  path: Assets/sunnyland woods/Sprites/misc/acorn/acorn-3.png
  artifactKey: Guid(d19cd1636092d45cd9581f0bd094cf9c) Importer(815301076,1909f56bfc062723c751e8b465ee728b)
Start importing Assets/sunnyland woods/Sprites/misc/acorn/acorn-3.png using Guid(d19cd1636092d45cd9581f0bd094cf9c) Importer(815301076,1909f56bfc062723c751e8b465ee728b)  -> (artifact id: '8fe74004ce58f7ccfd88d287901ee1ea') in 0.047694 seconds
  Import took 0.056478 seconds .

========================================================================
Received Import Request.
  Time since last request: 0.000680 seconds.
  path: Assets/BayatGames/Free Platform Game Assets/Water Animation/2D view ( Update 1.9 )/512x512/13-4x.png
  artifactKey: Guid(26e4da524476ff348b7a168a22adb7f3) Importer(815301076,1909f56bfc062723c751e8b465ee728b)
Start importing Assets/BayatGames/Free Platform Game Assets/Water Animation/2D view ( Update 1.9 )/512x512/13-4x.png using Guid(26e4da524476ff348b7a168a22adb7f3) Importer(815301076,1909f56bfc062723c751e8b465ee728b)  -> (artifact id: '738c4935116449fb2df499d983b6ac07') in 0.047782 seconds
  Import took 0.056222 seconds .

========================================================================
Received Import Request.
  Time since last request: 0.000331 seconds.
  path: Assets/sunnyland woods/Sprites/enemies/ant/ant-1.png
  artifactKey: Guid(598dddb46df224677a143c1f0fb9fdc7) Importer(815301076,1909f56bfc062723c751e8b465ee728b)
Start importing Assets/sunnyland woods/Sprites/enemies/ant/ant-1.png using Guid(598dddb46df224677a143c1f0fb9fdc7) Importer(815301076,1909f56bfc062723c751e8b465ee728b)  -> (artifact id: '320f7d92cb286638366f978376ae504a') in 0.042887 seconds
  Import took 0.048593 seconds .

========================================================================
Received Import Request.
  Time since last request: 0.000346 seconds.
  path: Assets/BayatGames/Free Platform Game Assets/Water Animation/2D view ( Update 1.9 )/128x128/14-1x.png
  artifactKey: Guid(83c48acc044031b4586cd3a220adf2bc) Importer(815301076,1909f56bfc062723c751e8b465ee728b)
Start importing Assets/BayatGames/Free Platform Game Assets/Water Animation/2D view ( Update 1.9 )/128x128/14-1x.png using Guid(83c48acc044031b4586cd3a220adf2bc) Importer(815301076,1909f56bfc062723c751e8b465ee728b)  -> (artifact id: '69e73733b4e21ebeafe1dfd23fb51059') in 0.050348 seconds
  Import took 0.058946 seconds .

========================================================================
Received Import Request.
  Time since last request: 0.000368 seconds.
  path: Assets/BayatGames/Free Platform Game Assets/Water Animation/2D view ( Update 1.9 )/256x256/13-2x.png
  artifactKey: Guid(3695ded8ed5d81f4bbfaac60c95817ad) Importer(815301076,1909f56bfc062723c751e8b465ee728b)
Start importing Assets/BayatGames/Free Platform Game Assets/Water Animation/2D view ( Update 1.9 )/256x256/13-2x.png using Guid(3695ded8ed5d81f4bbfaac60c95817ad) Importer(815301076,1909f56bfc062723c751e8b465ee728b)  -> (artifact id: '8dd0e4a99117c9b5c497378cced77bb0') in 0.042192 seconds
  Import took 0.049976 seconds .

========================================================================
Received Import Request.
  Time since last request: 0.000373 seconds.
  path: Assets/BayatGames/Free Platform Game Assets/Chests/Chest/png/Sliced/Sliced 1/1x/body-2-1x.png
  artifactKey: Guid(baa1afb024a5fd64ab9e2788553a4e4a) Importer(815301076,1909f56bfc062723c751e8b465ee728b)
Start importing Assets/BayatGames/Free Platform Game Assets/Chests/Chest/png/Sliced/Sliced 1/1x/body-2-1x.png using Guid(baa1afb024a5fd64ab9e2788553a4e4a) Importer(815301076,1909f56bfc062723c751e8b465ee728b)  -> (artifact id: 'd2ed460170841644b2fc18718b819b12') in 0.059209 seconds
  Import took 0.067872 seconds .

========================================================================
Received Import Request.
  Time since last request: 0.001259 seconds.
  path: Assets/BayatGames/Free Platform Game Assets/Chests/Chest/png/Sliced/Sliced 1/1x/body-3-1x.png
  artifactKey: Guid(4cb1f0aadb856724187d7ef2c5c1a47a) Importer(815301076,1909f56bfc062723c751e8b465ee728b)
Start importing Assets/BayatGames/Free Platform Game Assets/Chests/Chest/png/Sliced/Sliced 1/1x/body-3-1x.png using Guid(4cb1f0aadb856724187d7ef2c5c1a47a) Importer(815301076,1909f56bfc062723c751e8b465ee728b)  -> (artifact id: 'c7196dbea927a28850ab96f5490b656c') in 0.041384 seconds
  Import took 0.049547 seconds .

========================================================================
Received Import Request.
  Time since last request: 0.000400 seconds.
  path: Assets/BayatGames/Free Platform Game Assets/Chests/Chest/png/Sliced/Sliced 1/2x/body-1-2x.png
  artifactKey: Guid(045c28d4501c5564c81638d625be2d15) Importer(815301076,1909f56bfc062723c751e8b465ee728b)
Start importing Assets/BayatGames/Free Platform Game Assets/Chests/Chest/png/Sliced/Sliced 1/2x/body-1-2x.png using Guid(045c28d4501c5564c81638d625be2d15) Importer(815301076,1909f56bfc062723c751e8b465ee728b)  -> (artifact id: '3908ff37e478ec6e10de352f65772318') in 0.047138 seconds
  Import took 0.057827 seconds .

========================================================================
Received Import Request.
  Time since last request: 0.000447 seconds.
  path: Assets/TextMesh Pro/Examples & Extras/Resources/Fonts & Materials/Bangers SDF.asset
  artifactKey: Guid(125cb55b44b24c4393181402bc6200e6) Importer(815301076,1909f56bfc062723c751e8b465ee728b)
Start importing Assets/TextMesh Pro/Examples & Extras/Resources/Fonts & Materials/Bangers SDF.asset using Guid(125cb55b44b24c4393181402bc6200e6) Importer(815301076,1909f56bfc062723c751e8b465ee728b)  -> (artifact id: '8df8106ae1d57500d498a7baa1acafd3') in 0.053153 seconds
  Import took 0.064442 seconds .

========================================================================
Received Import Request.
  Time since last request: 0.000402 seconds.
  path: Assets/BayatGames/Free Platform Game Assets/Water Animation/2D view ( Update 1.9 )/256x256/14-2x.png
  artifactKey: Guid(fc0e215a7832de44dada7c2dd63ed1c1) Importer(815301076,1909f56bfc062723c751e8b465ee728b)
Start importing Assets/BayatGames/Free Platform Game Assets/Water Animation/2D view ( Update 1.9 )/256x256/14-2x.png using Guid(fc0e215a7832de44dada7c2dd63ed1c1) Importer(815301076,1909f56bfc062723c751e8b465ee728b)  -> (artifact id: '2b56c550bcef3c66949ee08e14442f95') in 0.111846 seconds
  Import took 0.118594 seconds .

========================================================================
Received Import Request.
  Time since last request: 0.000325 seconds.
  path: Assets/BayatGames/Free Platform Game Assets/Coin Animation/png/2048x256.png
  artifactKey: Guid(9ccd8d5de8d5bbd4b827fb2881e498f1) Importer(815301076,1909f56bfc062723c751e8b465ee728b)
Start importing Assets/BayatGames/Free Platform Game Assets/Coin Animation/png/2048x256.png using Guid(9ccd8d5de8d5bbd4b827fb2881e498f1) Importer(815301076,1909f56bfc062723c751e8b465ee728b)  -> (artifact id: '6c9b666bfac7b48ca9990e081334aeea') in 0.047455 seconds
  Import took 0.054923 seconds .

========================================================================
Received Import Request.
  Time since last request: 0.000364 seconds.
  path: Assets/BayatGames/Free Platform Game Assets/Chests/Chest/png/Sliced/Sliced 2/1x/bodyInnerPiece-1-ForBody2-1x.png
  artifactKey: Guid(71e002cc8121cfa4b863ac209426d52e) Importer(815301076,1909f56bfc062723c751e8b465ee728b)
Start importing Assets/BayatGames/Free Platform Game Assets/Chests/Chest/png/Sliced/Sliced 2/1x/bodyInnerPiece-1-ForBody2-1x.png using Guid(71e002cc8121cfa4b863ac209426d52e) Importer(815301076,1909f56bfc062723c751e8b465ee728b)  -> (artifact id: '8acc032e234dd28b329d33cd2f18ba10') in 0.038033 seconds
  Import took 0.045554 seconds .

========================================================================
Received Import Request.
  Time since last request: 0.000488 seconds.
  path: Assets/BayatGames/Free Platform Game Assets/Chests/Chest/png/Sliced/Sliced 1/2x/body-6-2x.png
  artifactKey: Guid(8568d29b6fd7c9a41896321f03cf4bec) Importer(815301076,1909f56bfc062723c751e8b465ee728b)
Start importing Assets/BayatGames/Free Platform Game Assets/Chests/Chest/png/Sliced/Sliced 1/2x/body-6-2x.png using Guid(8568d29b6fd7c9a41896321f03cf4bec) Importer(815301076,1909f56bfc062723c751e8b465ee728b)  -> (artifact id: 'caedf75184d8400a163b71cf5e83878a') in 0.041375 seconds
  Import took 0.049625 seconds .

========================================================================
Received Import Request.
  Time since last request: 0.000334 seconds.
  path: Assets/Free Game Items/300dpi/bomb.png
  artifactKey: Guid(1f4a0aae86ebe3a4abe7d92019f422cb) Importer(815301076,1909f56bfc062723c751e8b465ee728b)
Start importing Assets/Free Game Items/300dpi/bomb.png using Guid(1f4a0aae86ebe3a4abe7d92019f422cb) Importer(815301076,1909f56bfc062723c751e8b465ee728b)  -> (artifact id: 'f4eccf66568e9f0c20a23ec90725d5b8') in 0.043185 seconds
  Import took 0.051748 seconds .

========================================================================
Received Import Request.
  Time since last request: 0.000386 seconds.
  path: Assets/BayatGames/Free Platform Game Assets/Chests/Chest/png/Sliced/Sliced 1/2x/body-3-2x.png
  artifactKey: Guid(b3999818d64bb7e4a8e630976cf19608) Importer(815301076,1909f56bfc062723c751e8b465ee728b)
Start importing Assets/BayatGames/Free Platform Game Assets/Chests/Chest/png/Sliced/Sliced 1/2x/body-3-2x.png using Guid(b3999818d64bb7e4a8e630976cf19608) Importer(815301076,1909f56bfc062723c751e8b465ee728b)  -> (artifact id: '76d36607b7e7836da34e4c4f8166e423') in 0.056380 seconds
  Import took 0.063324 seconds .

========================================================================
Received Import Request.
  Time since last request: 0.000419 seconds.
  path: Assets/BayatGames/Free Platform Game Assets/Chests/Chest/png/Sliced/Sliced 1/2x/body-2-2x.png
  artifactKey: Guid(6e0908da49f6f1948a14e04490bc8fb0) Importer(815301076,1909f56bfc062723c751e8b465ee728b)
Start importing Assets/BayatGames/Free Platform Game Assets/Chests/Chest/png/Sliced/Sliced 1/2x/body-2-2x.png using Guid(6e0908da49f6f1948a14e04490bc8fb0) Importer(815301076,1909f56bfc062723c751e8b465ee728b)  -> (artifact id: '327a0ecd81e81b09dc5861bc2cdba2d6') in 0.039981 seconds
  Import took 0.047894 seconds .

========================================================================
Received Import Request.
  Time since last request: 0.000396 seconds.
  path: Assets/sunnyland woods/Sprites/misc/acorn/acorn-1.png
  artifactKey: Guid(b6bd832411f65410381d33458375068a) Importer(815301076,1909f56bfc062723c751e8b465ee728b)
Start importing Assets/sunnyland woods/Sprites/misc/acorn/acorn-1.png using Guid(b6bd832411f65410381d33458375068a) Importer(815301076,1909f56bfc062723c751e8b465ee728b)  -> (artifact id: 'a4136f910cd12fd066005234a7c5ea0e') in 0.035005 seconds
  Import took 0.044431 seconds .

========================================================================
Received Import Request.
  Time since last request: 0.000398 seconds.
  path: Assets/BayatGames/Free Platform Game Assets/Chests/Chest/png/Sliced/Sliced 1/4x/body-1-4x.png
  artifactKey: Guid(c78c1925115d3d74bab285242c989810) Importer(815301076,1909f56bfc062723c751e8b465ee728b)
Start importing Assets/BayatGames/Free Platform Game Assets/Chests/Chest/png/Sliced/Sliced 1/4x/body-1-4x.png using Guid(c78c1925115d3d74bab285242c989810) Importer(815301076,1909f56bfc062723c751e8b465ee728b)  -> (artifact id: '0fe3529c2868dc7f3ef26dff2847be1a') in 0.070669 seconds
  Import took 0.082147 seconds .

========================================================================
Received Import Request.
  Time since last request: 0.000771 seconds.
  path: Assets/BayatGames/Free Platform Game Assets/Chests/Chest/png/Sliced/Sliced 1/4x/body-2-4x.png
  artifactKey: Guid(b13fcc431505bbe46aa315c94e8f92b3) Importer(815301076,1909f56bfc062723c751e8b465ee728b)
Start importing Assets/BayatGames/Free Platform Game Assets/Chests/Chest/png/Sliced/Sliced 1/4x/body-2-4x.png using Guid(b13fcc431505bbe46aa315c94e8f92b3) Importer(815301076,1909f56bfc062723c751e8b465ee728b)  -> (artifact id: 'b3b1ef31c2d92855c8d7b4201e3aa595') in 0.041846 seconds
  Import took 0.048785 seconds .

========================================================================
Received Import Request.
  Time since last request: 0.000437 seconds.
  path: Assets/BayatGames/Free Platform Game Assets/Water Animation/2D view ( Update 1.9 )/512x512/14-4x.png
  artifactKey: Guid(44ed1dc8265394043a7a0dc801c6d884) Importer(815301076,1909f56bfc062723c751e8b465ee728b)
Start importing Assets/BayatGames/Free Platform Game Assets/Water Animation/2D view ( Update 1.9 )/512x512/14-4x.png using Guid(44ed1dc8265394043a7a0dc801c6d884) Importer(815301076,1909f56bfc062723c751e8b465ee728b)  -> (artifact id: '4ba2e8f7d05cd0a3902d7f51a061c3d7') in 0.039551 seconds
  Import took 0.046123 seconds .

========================================================================
Received Import Request.
  Time since last request: 0.000321 seconds.
  path: Assets/sunnyland woods/Sprites/misc/acorn/acorn-2.png
  artifactKey: Guid(04750fd00d8744105871eda35fd42569) Importer(815301076,1909f56bfc062723c751e8b465ee728b)
Start importing Assets/sunnyland woods/Sprites/misc/acorn/acorn-2.png using Guid(04750fd00d8744105871eda35fd42569) Importer(815301076,1909f56bfc062723c751e8b465ee728b)  -> (artifact id: '9464891726750c8fbe4cf72da36d3960') in 0.036696 seconds
  Import took 0.045956 seconds .

========================================================================
Received Prepare
Refreshing native plugins compatible for Editor in 10.27 ms, found 1 plugins.
Preloading 0 native plugins for Editor in 0.00 ms.
Unloading 10 Unused Serialized files (Serialized files now loaded: 0)
System memory in use before: 59.5 MB.
System memory in use after: 59.5 MB.

Unloading 10 unused Assets to reduce memory usage. Loaded Objects now: 2543.
Total: 73.403700 ms (FindLiveObjects: 0.844200 ms CreateObjectMapping: 0.546600 ms MarkObjects: 71.580600 ms  DeleteObjects: 0.428700 ms)

AssetImportWorkerClient::OnTransportError - code=2 error=End of file
